2023-05-30 12:56:19,728 [Worker-5: Loading available Gradle versions] INFO  o.e.b.c.i.u.g.PublishedGradleVersions - Gradle version information cache is up-to-date. Trying to read.
2023-05-30 12:57:27,262 [Worker-9: Importing Maven projects] INFO  o.e.m.c.i.l.LifecycleMappingFactory - Using org.eclipse.m2e.jdt.JarLifecycleMapping lifecycle mapping for MavenProject: com.feuji:booking:0.0.1-SNAPSHOT @ F:\Event Booking Final\Event-Booking-Java\Event Booking Java\Booking\pom.xml.
2023-05-30 12:57:31,887 [Worker-9: Importing Maven projects] INFO  o.e.m.j.i.AbstractJavaProjectConfigurator - Adding source folder /booking/src/main/java
2023-05-30 12:57:31,890 [Worker-9: Importing Maven projects] INFO  o.e.m.j.i.AbstractJavaProjectConfigurator - Adding resource folder /booking/src/main/resources
2023-05-30 12:57:31,892 [Worker-9: Importing Maven projects] INFO  o.e.m.j.i.AbstractJavaProjectConfigurator - Adding resource folder /booking/src/main/resources
2023-05-30 12:57:31,895 [Worker-9: Importing Maven projects] INFO  o.e.m.j.i.AbstractJavaProjectConfigurator - Adding source folder /booking/src/test/java
2023-05-30 12:57:32,878 [Worker-9: Importing Maven projects] INFO  o.e.m.c.i.p.ProjectConfigurationManager - Imported and configured 1 project(s) in 15 sec
2023-05-30 12:58:48,902 [Worker-4: Importing Maven projects] INFO  o.e.m.c.i.l.LifecycleMappingFactory - Using org.eclipse.m2e.jdt.JarLifecycleMapping lifecycle mapping for MavenProject: com.feuji:business:0.0.1-SNAPSHOT @ F:\Event Booking Final\Event-Booking-Java\Event Booking Java\Business\pom.xml.
2023-05-30 12:58:53,840 [Worker-4: Importing Maven projects] INFO  o.e.m.j.i.AbstractJavaProjectConfigurator - Adding source folder /business/src/main/java
2023-05-30 12:58:53,842 [Worker-4: Importing Maven projects] INFO  o.e.m.j.i.AbstractJavaProjectConfigurator - Adding resource folder /business/src/main/resources
2023-05-30 12:58:53,842 [Worker-4: Importing Maven projects] INFO  o.e.m.j.i.AbstractJavaProjectConfigurator - Adding resource folder /business/src/main/resources
2023-05-30 12:58:53,844 [Worker-4: Importing Maven projects] INFO  o.e.m.j.i.AbstractJavaProjectConfigurator - Adding source folder /business/src/test/java
2023-05-30 12:58:54,568 [Worker-4: Importing Maven projects] INFO  o.e.m.c.i.p.ProjectConfigurationManager - Imported and configured 1 project(s) in 8 sec
2023-05-30 12:59:28,220 [Worker-9: Importing Maven projects] INFO  o.e.m.c.i.l.LifecycleMappingFactory - Using org.eclipse.m2e.jdt.JarLifecycleMapping lifecycle mapping for MavenProject: com.feuji:image:0.0.1-SNAPSHOT @ F:\Event Booking Final\Event-Booking-Java\Event Booking Java\Image\pom.xml.
2023-05-30 12:59:29,073 [Worker-9: Importing Maven projects] INFO  o.e.m.j.i.AbstractJavaProjectConfigurator - Adding source folder /image/src/main/java
2023-05-30 12:59:29,075 [Worker-9: Importing Maven projects] INFO  o.e.m.j.i.AbstractJavaProjectConfigurator - Adding resource folder /image/src/main/resources
2023-05-30 12:59:29,075 [Worker-9: Importing Maven projects] INFO  o.e.m.j.i.AbstractJavaProjectConfigurator - Adding resource folder /image/src/main/resources
2023-05-30 12:59:29,076 [Worker-9: Importing Maven projects] INFO  o.e.m.j.i.AbstractJavaProjectConfigurator - Adding source folder /image/src/test/java
2023-05-30 12:59:29,658 [Worker-9: Importing Maven projects] INFO  o.e.m.c.i.p.ProjectConfigurationManager - Imported and configured 1 project(s) in 2 sec
2023-05-30 12:59:47,399 [Worker-10: Importing Maven projects] INFO  o.e.m.c.i.l.LifecycleMappingFactory - Using org.eclipse.m2e.jdt.JarLifecycleMapping lifecycle mapping for MavenProject: com.feuji:post:0.0.1-SNAPSHOT @ F:\Event Booking Final\Event-Booking-Java\Event Booking Java\Post\pom.xml.
2023-05-30 12:59:48,679 [Worker-10: Importing Maven projects] INFO  o.e.m.j.i.AbstractJavaProjectConfigurator - Adding source folder /post/src/main/java
2023-05-30 12:59:48,680 [Worker-10: Importing Maven projects] INFO  o.e.m.j.i.AbstractJavaProjectConfigurator - Adding resource folder /post/src/main/resources
2023-05-30 12:59:48,681 [Worker-10: Importing Maven projects] INFO  o.e.m.j.i.AbstractJavaProjectConfigurator - Adding resource folder /post/src/main/resources
2023-05-30 12:59:48,683 [Worker-10: Importing Maven projects] INFO  o.e.m.j.i.AbstractJavaProjectConfigurator - Adding source folder /post/src/test/java
2023-05-30 12:59:49,304 [Worker-10: Importing Maven projects] INFO  o.e.m.c.i.p.ProjectConfigurationManager - Imported and configured 1 project(s) in 3 sec
2023-05-30 13:00:05,588 [Worker-9: Importing Maven projects] INFO  o.e.m.c.i.l.LifecycleMappingFactory - Using org.eclipse.m2e.jdt.JarLifecycleMapping lifecycle mapping for MavenProject: com.feuji:registration:0.0.1-SNAPSHOT @ F:\Event Booking Final\Event-Booking-Java\Event Booking Java\Registration\pom.xml.
2023-05-30 13:00:19,484 [Worker-9: Importing Maven projects] INFO  o.e.m.j.i.AbstractJavaProjectConfigurator - Adding source folder /registration/src/main/java
2023-05-30 13:00:19,484 [Worker-9: Importing Maven projects] INFO  o.e.m.j.i.AbstractJavaProjectConfigurator - Adding resource folder /registration/src/main/resources
2023-05-30 13:00:19,484 [Worker-9: Importing Maven projects] INFO  o.e.m.j.i.AbstractJavaProjectConfigurator - Adding resource folder /registration/src/main/resources
2023-05-30 13:00:19,485 [Worker-9: Importing Maven projects] INFO  o.e.m.j.i.AbstractJavaProjectConfigurator - Adding source folder /registration/src/test/java
2023-05-30 13:00:19,864 [Worker-9: Importing Maven projects] INFO  o.e.m.c.i.p.ProjectConfigurationManager - Imported and configured 1 project(s) in 16 sec
2023-05-30 13:00:20,333 [Worker-10: Updating Maven Project] INFO  o.e.m.c.i.p.ProjectConfigurationManager - Update started
2023-05-30 13:00:20,884 [Worker-10: Updating Maven Project] INFO  o.e.m.c.i.l.LifecycleMappingFactory - Using org.eclipse.m2e.jdt.JarLifecycleMapping lifecycle mapping for MavenProject: com.feuji:registration:0.0.1-SNAPSHOT @ F:\Event Booking Final\Event-Booking-Java\Event Booking Java\Registration\pom.xml.
2023-05-30 13:00:21,761 [Worker-10: Updating Maven Project] INFO  o.e.m.j.i.AbstractJavaProjectConfigurator - Adding source folder /registration/src/main/java
2023-05-30 13:00:21,762 [Worker-10: Updating Maven Project] INFO  o.e.m.j.i.AbstractJavaProjectConfigurator - Adding resource folder /registration/src/main/resources
2023-05-30 13:00:21,762 [Worker-10: Updating Maven Project] INFO  o.e.m.j.i.AbstractJavaProjectConfigurator - Adding resource folder /registration/src/main/resources
2023-05-30 13:00:21,763 [Worker-10: Updating Maven Project] INFO  o.e.m.j.i.AbstractJavaProjectConfigurator - Adding source folder /registration/src/test/java
2023-05-30 13:00:22,809 [Worker-10: Updating Maven Project] INFO  o.e.m.c.i.p.ProjectConfigurationManager - Update completed for 1 poms: local refresh takes 0.00 sec, refresh facades takes 1.00 sec, update config takes 0.00 sec 
2023-05-30 13:00:23,466 [Worker-6: Importing Maven projects] INFO  o.e.m.c.i.l.LifecycleMappingFactory - Using org.eclipse.m2e.jdt.JarLifecycleMapping lifecycle mapping for MavenProject: com.feuji:service:0.0.1-SNAPSHOT @ F:\Event Booking Final\Event-Booking-Java\Event Booking Java\Service\pom.xml.
2023-05-30 13:00:24,634 [Worker-6: Importing Maven projects] INFO  o.e.m.j.i.AbstractJavaProjectConfigurator - Adding source folder /service/src/main/java
2023-05-30 13:00:24,635 [Worker-6: Importing Maven projects] INFO  o.e.m.j.i.AbstractJavaProjectConfigurator - Adding resource folder /service/src/main/resources
2023-05-30 13:00:24,636 [Worker-6: Importing Maven projects] INFO  o.e.m.j.i.AbstractJavaProjectConfigurator - Adding resource folder /service/src/main/resources
2023-05-30 13:00:24,638 [Worker-6: Importing Maven projects] INFO  o.e.m.j.i.AbstractJavaProjectConfigurator - Adding source folder /service/src/test/java
2023-05-30 13:00:25,192 [Worker-6: Importing Maven projects] INFO  o.e.m.c.i.p.ProjectConfigurationManager - Imported and configured 1 project(s) in 2 sec
2023-05-30 13:01:46,559 [Worker-10: Launching Executing install in F__Event Booking Final_Event-Booking-Java_Event Booking Java_Booking] INFO  o.eclipse.m2e.core.internal.Bundles - getClasspathEntries(Bundle=org.eclipse.m2e.maven.runtime_3.8.604.20221130-2149 [345])
2023-05-30 13:01:46,740 [Worker-10: Launching Executing install in F__Event Booking Final_Event-Booking-Java_Event Booking Java_Booking] INFO  o.eclipse.m2e.core.internal.Bundles - 	Entry: D:\Spring\sts-4.17.2.RELEASE\plugins\org.eclipse.m2e.maven.runtime_3.8.604.20221130-2149
2023-05-30 13:01:46,741 [Worker-10: Launching Executing install in F__Event Booking Final_Event-Booking-Java_Event Booking Java_Booking] INFO  o.eclipse.m2e.core.internal.Bundles - 	Entry: D:\Spring\sts-4.17.2.RELEASE\plugins\org.eclipse.m2e.maven.runtime_3.8.604.20221130-2149\jars\aether-connector-okhttp-0.17.8.jar
2023-05-30 13:01:46,741 [Worker-10: Launching Executing install in F__Event Booking Final_Event-Booking-Java_Event Booking Java_Booking] INFO  o.eclipse.m2e.core.internal.Bundles - 	Entry: D:\Spring\sts-4.17.2.RELEASE\plugins\org.eclipse.m2e.maven.runtime_3.8.604.20221130-2149\jars\commons-cli-1.4.jar
2023-05-30 13:01:46,742 [Worker-10: Launching Executing install in F__Event Booking Final_Event-Booking-Java_Event Booking Java_Booking] INFO  o.eclipse.m2e.core.internal.Bundles - 	Entry: D:\Spring\sts-4.17.2.RELEASE\plugins\org.eclipse.m2e.maven.runtime_3.8.604.20221130-2149\jars\commons-io-2.6.jar
2023-05-30 13:01:46,742 [Worker-10: Launching Executing install in F__Event Booking Final_Event-Booking-Java_Event Booking Java_Booking] INFO  o.eclipse.m2e.core.internal.Bundles - 	Entry: D:\Spring\sts-4.17.2.RELEASE\plugins\org.eclipse.m2e.maven.runtime_3.8.604.20221130-2149\jars\commons-lang3-3.8.1.jar
2023-05-30 13:01:46,743 [Worker-10: Launching Executing install in F__Event Booking Final_Event-Booking-Java_Event Booking Java_Booking] INFO  o.eclipse.m2e.core.internal.Bundles - 	Entry: D:\Spring\sts-4.17.2.RELEASE\plugins\org.eclipse.m2e.maven.runtime_3.8.604.20221130-2149\jars\guice-4.2.2-no_aop.jar
2023-05-30 13:01:46,743 [Worker-10: Launching Executing install in F__Event Booking Final_Event-Booking-Java_Event Booking Java_Booking] INFO  o.eclipse.m2e.core.internal.Bundles - 	Entry: D:\Spring\sts-4.17.2.RELEASE\plugins\org.eclipse.m2e.maven.runtime_3.8.604.20221130-2149\jars\jansi-2.4.0.jar
2023-05-30 13:01:46,744 [Worker-10: Launching Executing install in F__Event Booking Final_Event-Booking-Java_Event Booking Java_Booking] INFO  o.eclipse.m2e.core.internal.Bundles - 	Entry: D:\Spring\sts-4.17.2.RELEASE\plugins\org.eclipse.m2e.maven.runtime_3.8.604.20221130-2149\jars\maven-artifact-3.8.6.jar
2023-05-30 13:01:46,744 [Worker-10: Launching Executing install in F__Event Booking Final_Event-Booking-Java_Event Booking Java_Booking] INFO  o.eclipse.m2e.core.internal.Bundles - 	Entry: D:\Spring\sts-4.17.2.RELEASE\plugins\org.eclipse.m2e.maven.runtime_3.8.604.20221130-2149\jars\maven-builder-support-3.8.6.jar
2023-05-30 13:01:46,744 [Worker-10: Launching Executing install in F__Event Booking Final_Event-Booking-Java_Event Booking Java_Booking] INFO  o.eclipse.m2e.core.internal.Bundles - 	Entry: D:\Spring\sts-4.17.2.RELEASE\plugins\org.eclipse.m2e.maven.runtime_3.8.604.20221130-2149\jars\maven-compat-3.8.6.jar
2023-05-30 13:01:46,745 [Worker-10: Launching Executing install in F__Event Booking Final_Event-Booking-Java_Event Booking Java_Booking] INFO  o.eclipse.m2e.core.internal.Bundles - 	Entry: D:\Spring\sts-4.17.2.RELEASE\plugins\org.eclipse.m2e.maven.runtime_3.8.604.20221130-2149\jars\maven-core-3.8.6.jar
2023-05-30 13:01:46,745 [Worker-10: Launching Executing install in F__Event Booking Final_Event-Booking-Java_Event Booking Java_Booking] INFO  o.eclipse.m2e.core.internal.Bundles - 	Entry: D:\Spring\sts-4.17.2.RELEASE\plugins\org.eclipse.m2e.maven.runtime_3.8.604.20221130-2149\jars\maven-embedder-3.8.6.jar
2023-05-30 13:01:46,746 [Worker-10: Launching Executing install in F__Event Booking Final_Event-Booking-Java_Event Booking Java_Booking] INFO  o.eclipse.m2e.core.internal.Bundles - 	Entry: D:\Spring\sts-4.17.2.RELEASE\plugins\org.eclipse.m2e.maven.runtime_3.8.604.20221130-2149\jars\maven-model-3.8.6.jar
2023-05-30 13:01:46,747 [Worker-10: Launching Executing install in F__Event Booking Final_Event-Booking-Java_Event Booking Java_Booking] INFO  o.eclipse.m2e.core.internal.Bundles - 	Entry: D:\Spring\sts-4.17.2.RELEASE\plugins\org.eclipse.m2e.maven.runtime_3.8.604.20221130-2149\jars\maven-model-builder-3.8.6.jar
2023-05-30 13:01:46,747 [Worker-10: Launching Executing install in F__Event Booking Final_Event-Booking-Java_Event Booking Java_Booking] INFO  o.eclipse.m2e.core.internal.Bundles - 	Entry: D:\Spring\sts-4.17.2.RELEASE\plugins\org.eclipse.m2e.maven.runtime_3.8.604.20221130-2149\jars\maven-plugin-api-3.8.6.jar
2023-05-30 13:01:46,747 [Worker-10: Launching Executing install in F__Event Booking Final_Event-Booking-Java_Event Booking Java_Booking] INFO  o.eclipse.m2e.core.internal.Bundles - 	Entry: D:\Spring\sts-4.17.2.RELEASE\plugins\org.eclipse.m2e.maven.runtime_3.8.604.20221130-2149\jars\maven-repository-metadata-3.8.6.jar
2023-05-30 13:01:46,748 [Worker-10: Launching Executing install in F__Event Booking Final_Event-Booking-Java_Event Booking Java_Booking] INFO  o.eclipse.m2e.core.internal.Bundles - 	Entry: D:\Spring\sts-4.17.2.RELEASE\plugins\org.eclipse.m2e.maven.runtime_3.8.604.20221130-2149\jars\maven-resolver-api-1.6.3.jar
2023-05-30 13:01:46,748 [Worker-10: Launching Executing install in F__Event Booking Final_Event-Booking-Java_Event Booking Java_Booking] INFO  o.eclipse.m2e.core.internal.Bundles - 	Entry: D:\Spring\sts-4.17.2.RELEASE\plugins\org.eclipse.m2e.maven.runtime_3.8.604.20221130-2149\jars\maven-resolver-connector-basic-1.6.3.jar
2023-05-30 13:01:46,749 [Worker-10: Launching Executing install in F__Event Booking Final_Event-Booking-Java_Event Booking Java_Booking] INFO  o.eclipse.m2e.core.internal.Bundles - 	Entry: D:\Spring\sts-4.17.2.RELEASE\plugins\org.eclipse.m2e.maven.runtime_3.8.604.20221130-2149\jars\maven-resolver-impl-1.6.3.jar
2023-05-30 13:01:46,750 [Worker-10: Launching Executing install in F__Event Booking Final_Event-Booking-Java_Event Booking Java_Booking] INFO  o.eclipse.m2e.core.internal.Bundles - 	Entry: D:\Spring\sts-4.17.2.RELEASE\plugins\org.eclipse.m2e.maven.runtime_3.8.604.20221130-2149\jars\maven-resolver-provider-3.8.6.jar
2023-05-30 13:01:46,751 [Worker-10: Launching Executing install in F__Event Booking Final_Event-Booking-Java_Event Booking Java_Booking] INFO  o.eclipse.m2e.core.internal.Bundles - 	Entry: D:\Spring\sts-4.17.2.RELEASE\plugins\org.eclipse.m2e.maven.runtime_3.8.604.20221130-2149\jars\maven-resolver-spi-1.6.3.jar
2023-05-30 13:01:46,751 [Worker-10: Launching Executing install in F__Event Booking Final_Event-Booking-Java_Event Booking Java_Booking] INFO  o.eclipse.m2e.core.internal.Bundles - 	Entry: D:\Spring\sts-4.17.2.RELEASE\plugins\org.eclipse.m2e.maven.runtime_3.8.604.20221130-2149\jars\maven-resolver-transport-wagon-1.6.3.jar
2023-05-30 13:01:46,752 [Worker-10: Launching Executing install in F__Event Booking Final_Event-Booking-Java_Event Booking Java_Booking] INFO  o.eclipse.m2e.core.internal.Bundles - 	Entry: D:\Spring\sts-4.17.2.RELEASE\plugins\org.eclipse.m2e.maven.runtime_3.8.604.20221130-2149\jars\maven-resolver-util-1.6.3.jar
2023-05-30 13:01:46,752 [Worker-10: Launching Executing install in F__Event Booking Final_Event-Booking-Java_Event Booking Java_Booking] INFO  o.eclipse.m2e.core.internal.Bundles - 	Entry: D:\Spring\sts-4.17.2.RELEASE\plugins\org.eclipse.m2e.maven.runtime_3.8.604.20221130-2149\jars\maven-settings-3.8.6.jar
2023-05-30 13:01:46,752 [Worker-10: Launching Executing install in F__Event Booking Final_Event-Booking-Java_Event Booking Java_Booking] INFO  o.eclipse.m2e.core.internal.Bundles - 	Entry: D:\Spring\sts-4.17.2.RELEASE\plugins\org.eclipse.m2e.maven.runtime_3.8.604.20221130-2149\jars\maven-settings-builder-3.8.6.jar
2023-05-30 13:01:46,753 [Worker-10: Launching Executing install in F__Event Booking Final_Event-Booking-Java_Event Booking Java_Booking] INFO  o.eclipse.m2e.core.internal.Bundles - 	Entry: D:\Spring\sts-4.17.2.RELEASE\plugins\org.eclipse.m2e.maven.runtime_3.8.604.20221130-2149\jars\maven-shared-utils-3.3.4.jar
2023-05-30 13:01:46,754 [Worker-10: Launching Executing install in F__Event Booking Final_Event-Booking-Java_Event Booking Java_Booking] INFO  o.eclipse.m2e.core.internal.Bundles - 	Entry: D:\Spring\sts-4.17.2.RELEASE\plugins\org.eclipse.m2e.maven.runtime_3.8.604.20221130-2149\jars\okhttp-3.14.1.jar
2023-05-30 13:01:46,754 [Worker-10: Launching Executing install in F__Event Booking Final_Event-Booking-Java_Event Booking Java_Booking] INFO  o.eclipse.m2e.core.internal.Bundles - 	Entry: D:\Spring\sts-4.17.2.RELEASE\plugins\org.eclipse.m2e.maven.runtime_3.8.604.20221130-2149\jars\okio-1.17.3.jar
2023-05-30 13:01:46,755 [Worker-10: Launching Executing install in F__Event Booking Final_Event-Booking-Java_Event Booking Java_Booking] INFO  o.eclipse.m2e.core.internal.Bundles - 	Entry: D:\Spring\sts-4.17.2.RELEASE\plugins\org.eclipse.m2e.maven.runtime_3.8.604.20221130-2149\jars\org.eclipse.sisu.inject-0.3.5.jar
2023-05-30 13:01:46,756 [Worker-10: Launching Executing install in F__Event Booking Final_Event-Booking-Java_Event Booking Java_Booking] INFO  o.eclipse.m2e.core.internal.Bundles - 	Entry: D:\Spring\sts-4.17.2.RELEASE\plugins\org.eclipse.m2e.maven.runtime_3.8.604.20221130-2149\jars\org.eclipse.sisu.plexus-0.3.5.jar
2023-05-30 13:01:46,756 [Worker-10: Launching Executing install in F__Event Booking Final_Event-Booking-Java_Event Booking Java_Booking] INFO  o.eclipse.m2e.core.internal.Bundles - 	Entry: D:\Spring\sts-4.17.2.RELEASE\plugins\org.eclipse.m2e.maven.runtime_3.8.604.20221130-2149\jars\plexus-build-api-0.0.7.jar
2023-05-30 13:01:46,756 [Worker-10: Launching Executing install in F__Event Booking Final_Event-Booking-Java_Event Booking Java_Booking] INFO  o.eclipse.m2e.core.internal.Bundles - 	Entry: D:\Spring\sts-4.17.2.RELEASE\plugins\org.eclipse.m2e.maven.runtime_3.8.604.20221130-2149\jars\plexus-cipher-2.0.jar
2023-05-30 13:01:46,757 [Worker-10: Launching Executing install in F__Event Booking Final_Event-Booking-Java_Event Booking Java_Booking] INFO  o.eclipse.m2e.core.internal.Bundles - 	Entry: D:\Spring\sts-4.17.2.RELEASE\plugins\org.eclipse.m2e.maven.runtime_3.8.604.20221130-2149\jars\plexus-classworlds-2.6.0.jar
2023-05-30 13:01:46,757 [Worker-10: Launching Executing install in F__Event Booking Final_Event-Booking-Java_Event Booking Java_Booking] INFO  o.eclipse.m2e.core.internal.Bundles - 	Entry: D:\Spring\sts-4.17.2.RELEASE\plugins\org.eclipse.m2e.maven.runtime_3.8.604.20221130-2149\jars\plexus-component-annotations-2.1.0.jar
2023-05-30 13:01:46,757 [Worker-10: Launching Executing install in F__Event Booking Final_Event-Booking-Java_Event Booking Java_Booking] INFO  o.eclipse.m2e.core.internal.Bundles - 	Entry: D:\Spring\sts-4.17.2.RELEASE\plugins\org.eclipse.m2e.maven.runtime_3.8.604.20221130-2149\jars\plexus-interpolation-1.26.jar
2023-05-30 13:01:46,757 [Worker-10: Launching Executing install in F__Event Booking Final_Event-Booking-Java_Event Booking Java_Booking] INFO  o.eclipse.m2e.core.internal.Bundles - 	Entry: D:\Spring\sts-4.17.2.RELEASE\plugins\org.eclipse.m2e.maven.runtime_3.8.604.20221130-2149\jars\plexus-sec-dispatcher-2.0.jar
2023-05-30 13:01:46,757 [Worker-10: Launching Executing install in F__Event Booking Final_Event-Booking-Java_Event Booking Java_Booking] INFO  o.eclipse.m2e.core.internal.Bundles - 	Entry: D:\Spring\sts-4.17.2.RELEASE\plugins\org.eclipse.m2e.maven.runtime_3.8.604.20221130-2149\jars\plexus-utils-3.3.1.jar
2023-05-30 13:01:46,758 [Worker-10: Launching Executing install in F__Event Booking Final_Event-Booking-Java_Event Booking Java_Booking] INFO  o.eclipse.m2e.core.internal.Bundles - 	Entry: D:\Spring\sts-4.17.2.RELEASE\plugins\org.eclipse.m2e.maven.runtime_3.8.604.20221130-2149\jars\wagon-file-3.5.1.jar
2023-05-30 13:01:46,758 [Worker-10: Launching Executing install in F__Event Booking Final_Event-Booking-Java_Event Booking Java_Booking] INFO  o.eclipse.m2e.core.internal.Bundles - 	Entry: D:\Spring\sts-4.17.2.RELEASE\plugins\org.eclipse.m2e.maven.runtime_3.8.604.20221130-2149\jars\wagon-provider-api-3.5.1.jar
2023-05-30 13:01:46,764 [Worker-10: Launching Executing install in F__Event Booking Final_Event-Booking-Java_Event Booking Java_Booking] INFO  o.eclipse.m2e.core.internal.Bundles - getClasspathEntries(Bundle=com.google.guava_30.1.0.v20221112-0806 [22])
2023-05-30 13:01:46,789 [Worker-10: Launching Executing install in F__Event Booking Final_Event-Booking-Java_Event Booking Java_Booking] INFO  o.eclipse.m2e.core.internal.Bundles - 	Entry: D:\Spring\sts-4.17.2.RELEASE\plugins\com.google.guava_30.1.0.v20221112-0806.jar
2023-05-30 13:01:46,789 [Worker-10: Launching Executing install in F__Event Booking Final_Event-Booking-Java_Event Booking Java_Booking] INFO  o.eclipse.m2e.core.internal.Bundles - getClasspathEntries(Bundle=slf4j.api_1.7.36 [584])
2023-05-30 13:01:47,276 [Worker-10: Launching Executing install in F__Event Booking Final_Event-Booking-Java_Event Booking Java_Booking] INFO  o.eclipse.m2e.core.internal.Bundles - 	Entry: D:\Spring\sts-4.17.2.RELEASE\plugins\slf4j.api_1.7.36.jar
2023-05-30 13:01:47,276 [Worker-10: Launching Executing install in F__Event Booking Final_Event-Booking-Java_Event Booking Java_Booking] INFO  o.eclipse.m2e.core.internal.Bundles - getClasspathEntries(Bundle=javax.inject_1.0.0.v20220405-0441 [49])
2023-05-30 13:01:47,862 [Worker-10: Launching Executing install in F__Event Booking Final_Event-Booking-Java_Event Booking Java_Booking] INFO  o.eclipse.m2e.core.internal.Bundles - 	Entry: D:\Spring\sts-4.17.2.RELEASE\plugins\javax.inject_1.0.0.v20220405-0441.jar
2023-05-30 13:01:47,862 [Worker-10: Launching Executing install in F__Event Booking Final_Event-Booking-Java_Event Booking Java_Booking] INFO  o.eclipse.m2e.core.internal.Bundles - getClasspathEntries(Bundle=javax.annotation_1.3.5.v20221112-0806 [47])
2023-05-30 13:01:47,893 [Worker-10: Launching Executing install in F__Event Booking Final_Event-Booking-Java_Event Booking Java_Booking] INFO  o.eclipse.m2e.core.internal.Bundles - 	Entry: D:\Spring\sts-4.17.2.RELEASE\plugins\javax.annotation_1.3.5.v20221112-0806.jar
2023-05-30 13:01:47,919 [Worker-10: Launching Executing install in F__Event Booking Final_Event-Booking-Java_Event Booking Java_Booking] INFO  o.e.m.i.launch.MavenLaunchDelegate - Run build in "F:\Event Booking Final\Event-Booking-Java\Event Booking Java\Booking":
2023-05-30 13:01:47,921 [Worker-10: Launching Executing install in F__Event Booking Final_Event-Booking-Java_Event Booking Java_Booking] INFO  o.e.m.i.launch.MavenLaunchDelegate -  mvn  -B -Dstyle.color=always install
2023-05-30 13:04:36,758 [Worker-9: Launching Executing install in F__Event Booking Final_Event-Booking-Java_Event Booking Java_Business] INFO  o.e.m.i.launch.MavenLaunchDelegate - Run build in "F:\Event Booking Final\Event-Booking-Java\Event Booking Java\Business":
2023-05-30 13:04:36,898 [Worker-9: Launching Executing install in F__Event Booking Final_Event-Booking-Java_Event Booking Java_Business] INFO  o.e.m.i.launch.MavenLaunchDelegate -  mvn  -B -Dstyle.color=always install
2023-05-30 13:07:04,560 [Worker-11: Launching Executing install in F__Event Booking Final_Event-Booking-Java_Event Booking Java_Image] INFO  o.e.m.i.launch.MavenLaunchDelegate - Run build in "F:\Event Booking Final\Event-Booking-Java\Event Booking Java\Image":
2023-05-30 13:07:04,627 [Worker-11: Launching Executing install in F__Event Booking Final_Event-Booking-Java_Event Booking Java_Image] INFO  o.e.m.i.launch.MavenLaunchDelegate -  mvn  -B -Dstyle.color=always install
2023-05-30 13:08:31,703 [Worker-6: Launching Executing install in F__Event Booking Final_Event-Booking-Java_Event Booking Java_Post] INFO  o.e.m.i.launch.MavenLaunchDelegate - Run build in "F:\Event Booking Final\Event-Booking-Java\Event Booking Java\Post":
2023-05-30 13:08:31,704 [Worker-6: Launching Executing install in F__Event Booking Final_Event-Booking-Java_Event Booking Java_Post] INFO  o.e.m.i.launch.MavenLaunchDelegate -  mvn  -B -Dstyle.color=always install
2023-05-30 13:09:48,327 [Worker-1: Launching Executing install in F__Event Booking Final_Event-Booking-Java_Event Booking Java_Registration] INFO  o.e.m.i.launch.MavenLaunchDelegate - Run build in "F:\Event Booking Final\Event-Booking-Java\Event Booking Java\Registration":
2023-05-30 13:09:48,327 [Worker-1: Launching Executing install in F__Event Booking Final_Event-Booking-Java_Event Booking Java_Registration] INFO  o.e.m.i.launch.MavenLaunchDelegate -  mvn  -B -Dstyle.color=always install
2023-05-30 13:11:09,387 [Worker-7: Launching Executing install in F__Event Booking Final_Event-Booking-Java_Event Booking Java_Service] INFO  o.e.m.i.launch.MavenLaunchDelegate - Run build in "F:\Event Booking Final\Event-Booking-Java\Event Booking Java\Service":
2023-05-30 13:11:09,388 [Worker-7: Launching Executing install in F__Event Booking Final_Event-Booking-Java_Event Booking Java_Service] INFO  o.e.m.i.launch.MavenLaunchDelegate -  mvn  -B -Dstyle.color=always install
2023-05-30 13:15:20,228 [Worker-1: Loading available Gradle versions] INFO  o.e.b.c.i.u.g.PublishedGradleVersions - Gradle version information cache is up-to-date. Trying to read.
2023-05-30 16:48:32,811 [Worker-5: Loading available Gradle versions] INFO  o.e.b.c.i.u.g.PublishedGradleVersions - Gradle version information cache is out-of-date. Trying to update.
